<?xml version="1.0" encoding="UTF-8"?>
<!-- Generated by org.testng.reporters.JUnitReportReporter -->
<testsuite hostname="LPFKOL015150" failures="0" tests="3" name="Test.HomePageTest" time="1.469" errors="0" timestamp="2025-01-14T21:14:58 IST" skipped="0">
  <testcase classname="Test.HomePageTest" name="verifyPageTitle" time="0.024"/>
  <testcase classname="Test.HomePageTest" name="verifyDisplayText" time="0.085"/>
  <testcase classname="Test.HomePageTest" name="navigateToLoginPage" time="1.360"/>
</testsuite> <!-- Test.HomePageTest -->
