<?xml version="1.0" encoding="UTF-8"?>
<!-- Generated by org.testng.reporters.JUnitReportReporter -->
<testsuite hostname="LPFKOL015150" failures="0" tests="3" name="Test.LoginAndLogout" time="0.613" errors="0" timestamp="2025-01-08T18:05:25 IST" skipped="0">
  <testcase classname="Test.LoginAndLogout" name="verifyPageTitle" time="0.015"/>
  <testcase classname="Test.LoginAndLogout" name="verifyDisplayText" time="0.031"/>
  <testcase classname="Test.LoginAndLogout" name="doLogin" time="0.567"/>
</testsuite> <!-- Test.LoginAndLogout -->
