<?xml version="1.0" encoding="UTF-8"?>
<!-- Generated by org.testng.reporters.JUnitReportReporter -->
<testsuite hostname="LPFKOL015150" failures="0" tests="2" name="Test.loginPageTest" time="1.194" errors="0" timestamp="2025-01-18T15:15:06 IST" skipped="0">
  <testcase classname="Test.loginPageTest" name="checkNavigationStatus" time="0.675"/>
  <testcase classname="Test.loginPageTest" name="checkIncorrectLogin" time="0.519"/>
</testsuite> <!-- Test.loginPageTest -->
