<?xml version="1.0" encoding="UTF-8"?>
<!-- Generated by org.testng.reporters.JUnitReportReporter -->
<testsuite hostname="LPFKOL015150" failures="0" tests="3" name="Test.HomePageTest" time="0.724" errors="0" timestamp="2025-01-17T17:11:50 IST" skipped="0">
  <testcase classname="Test.HomePageTest" name="verifyPageTitle" time="0.025"/>
  <testcase classname="Test.HomePageTest" name="verifyDisplayText" time="0.046"/>
  <testcase classname="Test.HomePageTest" name="navigateToLoginPage" time="0.653"/>
</testsuite> <!-- Test.HomePageTest -->
