<?xml version="1.0" encoding="UTF-8"?>
<!-- Generated by org.testng.reporters.JUnitReportReporter -->
<testsuite hostname="LPFKOL015150" failures="0" tests="2" name="Test.loginPageTest" time="2.090" errors="0" timestamp="2025-01-18T12:26:56 IST" skipped="0">
  <testcase classname="Test.loginPageTest" name="checkNavigationStatus" time="1.421"/>
  <testcase classname="Test.loginPageTest" name="checkIncorrectLogin" time="0.669"/>
</testsuite> <!-- Test.loginPageTest -->
