<?xml version="1.0" encoding="UTF-8"?>
<!-- Generated by org.testng.reporters.JUnitReportReporter -->
<testsuite hostname="LPFKOL015150" failures="0" tests="2" name="Test.loginPageTest" time="1.421" errors="0" timestamp="2025-01-13T22:52:05 IST" skipped="0">
  <testcase classname="Test.loginPageTest" name="checkNavigationStatus" time="0.705"/>
  <testcase classname="Test.loginPageTest" name="checkLogin" time="0.716"/>
</testsuite> <!-- Test.loginPageTest -->
