<?xml version="1.0" encoding="UTF-8"?>
<!-- Generated by org.testng.reporters.JUnitReportReporter -->
<testsuite hostname="LPFKOL015150" failures="0" tests="3" name="Test.LoginAndLogoutTest" time="1.181" errors="0" timestamp="2025-01-08T18:32:44 IST" skipped="0">
  <testcase classname="Test.LoginAndLogoutTest" name="verifyPageTitle" time="0.016"/>
  <testcase classname="Test.LoginAndLogoutTest" name="verifyDisplayText" time="0.024"/>
  <testcase classname="Test.LoginAndLogoutTest" name="doLogin" time="1.141"/>
</testsuite> <!-- Test.LoginAndLogoutTest -->
