<?xml version="1.0" encoding="UTF-8"?>
<!-- Generated by org.testng.reporters.JUnitReportReporter -->
<testsuite hostname="LPFKOL015150" failures="0" tests="3" name="Test.HomePageTest" time="2.903" errors="0" timestamp="2025-01-18T12:26:56 IST" skipped="0">
  <testcase classname="Test.HomePageTest" name="verifyPageTitle" time="0.066"/>
  <testcase classname="Test.HomePageTest" name="verifyDisplayText" time="0.277"/>
  <testcase classname="Test.HomePageTest" name="navigateToLoginPage" time="2.560"/>
</testsuite> <!-- Test.HomePageTest -->
