<?xml version="1.0" encoding="UTF-8"?>
<!-- Generated by org.testng.reporters.JUnitReportReporter -->
<testsuite hostname="LPFKOL015150" failures="0" tests="2" name="Test.loginPageTest" time="0.942" errors="0" timestamp="2025-01-14T21:14:58 IST" skipped="0">
  <testcase classname="Test.loginPageTest" name="checkNavigationStatus" time="0.768"/>
  <testcase classname="Test.loginPageTest" name="checkLogin" time="0.174"/>
</testsuite> <!-- Test.loginPageTest -->
