<?xml version="1.0" encoding="UTF-8"?>
<!-- Generated by org.testng.reporters.JUnitReportReporter -->
<testsuite hostname="LPFKOL015150" failures="0" tests="3" name="Test.HomePageTest" time="0.748" errors="0" timestamp="2025-01-15T16:03:50 IST" skipped="0">
  <testcase classname="Test.HomePageTest" name="verifyPageTitle" time="0.027"/>
  <testcase classname="Test.HomePageTest" name="verifyDisplayText" time="0.043"/>
  <testcase classname="Test.HomePageTest" name="navigateToLoginPage" time="0.678"/>
</testsuite> <!-- Test.HomePageTest -->
