<?xml version="1.0" encoding="UTF-8"?>
<!-- Generated by org.testng.reporters.JUnitReportReporter -->
<testsuite hostname="LPFKOL015150" failures="0" tests="2" name="Test.loginPageTest" time="2.002" errors="0" timestamp="2025-01-16T20:39:46 IST" skipped="0">
  <testcase classname="Test.loginPageTest" name="checkNavigationStatus" time="1.389"/>
  <testcase classname="Test.loginPageTest" name="checkIncorrectLogin" time="0.613"/>
</testsuite> <!-- Test.loginPageTest -->
