<?xml version="1.0" encoding="UTF-8"?>
<!-- Generated by org.testng.reporters.JUnitReportReporter -->
<testsuite hostname="LPFKOL015150" failures="0" tests="2" name="Test.loginPageTest" time="1.683" errors="0" timestamp="2025-01-18T14:23:03 IST" skipped="0">
  <testcase classname="Test.loginPageTest" name="checkNavigationStatus" time="0.676"/>
  <testcase classname="Test.loginPageTest" name="checkIncorrectLogin" time="1.007"/>
</testsuite> <!-- Test.loginPageTest -->
